
/home/runner/work/exp-curve-of-steel-iitk/exp-curve-of-steel-iitk/experiment/simulation/js/components.js
     1:10  warning  'VernierCaliper' is defined but never used                       no-unused-vars
     5:23  warning  'SAMPLE_ASSETS_PATH' is not defined                              no-undef
    29:22  warning  'ContextMenu' is not defined                                     no-undef
    29:43  warning  'ContextMenu' is not defined                                     no-undef
    57:9   warning  'rulerMidPointY' is assigned a value but never used              no-unused-vars
    68:7   warning  'precision' is assigned a value but never used                   no-unused-vars
    70:7   warning  'LC' is assigned a value but never used                          no-unused-vars
    73:7   warning  'zeroError' is already defined                                   no-redeclare
    74:7   warning  'displayInfo' is assigned a value but never used                 no-unused-vars
    75:7   warning  'objectWidthPixel' is assigned a value but never used            no-unused-vars
    77:7   warning  'randomZeroError' is assigned a value but never used             no-unused-vars
    78:7   warning  'randomMainScaleDivisions' is assigned a value but never used    no-unused-vars
    79:7   warning  'randomVernierScaleDivision' is assigned a value but never used  no-unused-vars
    80:7   warning  'randomObjectWidthPixel' is assigned a value but never used      no-unused-vars
   104:7   warning  'startY' is defined but never used                               no-unused-vars
   153:23  warning  'ContextMenu' is not defined                                     no-undef
   179:11  warning  'utm' is not defined                                             no-undef
   179:18  warning  'utm' is not defined                                             no-undef
   190:11  warning  'utm' is not defined                                             no-undef
   190:18  warning  'utm' is not defined                                             no-undef
   228:67  warning  'getMainScaleReading' is not defined                             no-undef
   297:5   warning  'boundary' is not defined                                        no-undef
   307:13  warning  'boundary' is not defined                                        no-undef
   307:34  warning  'boundary' is not defined                                        no-undef
   307:55  warning  'boundary' is not defined                                        no-undef
   307:76  warning  'boundary' is not defined                                        no-undef
   317:5   warning  'boundary' is not defined                                        no-undef
   327:13  warning  'boundary' is not defined                                        no-undef
   327:34  warning  'boundary' is not defined                                        no-undef
   327:55  warning  'boundary' is not defined                                        no-undef
   327:76  warning  'boundary' is not defined                                        no-undef
   393:29  warning  'event' is defined but never used                                no-unused-vars
   423:27  warning  'event' is defined but never used                                no-unused-vars
   451:23  warning  'ContextMenu' is not defined                                     no-undef
   476:23  warning  'ContextMenu' is not defined                                     no-undef
   485:15  warning  'sample1' is not defined                                         no-undef
   554:10  warning  'UTM' is defined but never used                                  no-unused-vars
   573:22  warning  'ContextMenu' is not defined                                     no-undef
   573:43  warning  'ContextMenu' is not defined                                     no-undef
   627:23  warning  'ContextMenu' is not defined                                     no-undef
   649:7   warning  'x' is not defined                                               no-undef
   653:36  warning  'x' is not defined                                               no-undef
   661:5   warning  'x' is not defined                                               no-undef
   662:5   warning  'y' is not defined                                               no-undef
   663:34  warning  'x' is not defined                                               no-undef
   663:37  warning  'y' is not defined                                               no-undef
   665:5   warning  'x' is not defined                                               no-undef
   666:5   warning  'y' is not defined                                               no-undef
   667:34  warning  'x' is not defined                                               no-undef
   667:37  warning  'y' is not defined                                               no-undef
   669:5   warning  'x' is not defined                                               no-undef
   671:5   warning  'y' is not defined                                               no-undef
   672:28  warning  'x' is not defined                                               no-undef
   672:31  warning  'y' is not defined                                               no-undef
   674:6   warning  'x' is not defined                                               no-undef
   674:29  warning  'y' is not defined                                               no-undef
   675:28  warning  'x' is not defined                                               no-undef
   675:31  warning  'y' is not defined                                               no-undef
   686:9   warning  'step' is not defined                                            no-undef
   687:22  warning  'step' is not defined                                            no-undef
   698:9   warning  'step' is not defined                                            no-undef
   699:22  warning  'step' is not defined                                            no-undef
   722:5   warning  'boundary' is not defined                                        no-undef
   731:13  warning  'boundary' is not defined                                        no-undef
   731:34  warning  'boundary' is not defined                                        no-undef
   731:55  warning  'boundary' is not defined                                        no-undef
   731:76  warning  'boundary' is not defined                                        no-undef
   750:12  warning  'drawLine' is defined but never used                             no-unused-vars
   757:27  warning  'event' is defined but never used                                no-unused-vars
   770:29  warning  'event' is defined but never used                                no-unused-vars
   779:11  warning  'rect' is assigned a value but never used                        no-unused-vars
   826:23  warning  'ContextMenu' is not defined                                     no-undef
   851:23  warning  'ContextMenu' is not defined                                     no-undef
   860:15  warning  'sample1' is not defined                                         no-undef
   913:10  warning  'Sample1' is defined but never used                              no-unused-vars
   916:17  warning  'SAMPLE_ASSETS_PATH' is not defined                              no-undef
   931:22  warning  'ContextMenu' is not defined                                     no-undef
   931:43  warning  'ContextMenu' is not defined                                     no-undef
   933:25  warning  'ContextMenu' is not defined                                     no-undef
   933:50  warning  'ContextMenu' is not defined                                     no-undef
   958:23  warning  'ContextMenu' is not defined                                     no-undef
   966:5   warning  'x' is not defined                                               no-undef
   967:5   warning  'y' is not defined                                               no-undef
   970:7   warning  'x' is not defined                                               no-undef
   970:12  warning  'x' is not defined                                               no-undef
   971:7   warning  'y' is not defined                                               no-undef
   971:12  warning  'y' is not defined                                               no-undef
   976:9   warning  'utm' is not defined                                             no-undef
   977:11  warning  'utm' is not defined                                             no-undef
   979:18  warning  'utm' is not defined                                             no-undef
   984:34  warning  'x' is not defined                                               no-undef
   984:37  warning  'y' is not defined                                               no-undef
   994:9   warning  'step' is not defined                                            no-undef
   995:22  warning  'step' is not defined                                            no-undef
  1006:9   warning  'step' is not defined                                            no-undef
  1007:22  warning  'step' is not defined                                            no-undef
  1021:7   warning  'boundary' is not defined                                        no-undef
  1028:7   warning  'boundary' is not defined                                        no-undef
  1038:13  warning  'boundary' is not defined                                        no-undef
  1038:34  warning  'boundary' is not defined                                        no-undef
  1038:55  warning  'boundary' is not defined                                        no-undef
  1038:76  warning  'boundary' is not defined                                        no-undef
  1057:27  warning  'event' is defined but never used                                no-unused-vars
  1072:11  warning  'utm' is not defined                                             no-undef
  1072:18  warning  'utm' is not defined                                             no-undef
  1072:36  warning  'utm' is not defined                                             no-undef
  1073:9   warning  'utm' is not defined                                             no-undef
  1075:18  warning  'vc' is not defined                                              no-undef
  1075:24  warning  'vc' is not defined                                              no-undef
  1075:41  warning  'vc' is not defined                                              no-undef
  1076:9   warning  'vc' is not defined                                              no-undef
  1124:23  warning  'ContextMenu' is not defined                                     no-undef

/home/runner/work/exp-curve-of-steel-iitk/exp-curve-of-steel-iitk/experiment/simulation/js/context.js
  1:7  warning  'ContextMenu' is defined but never used  no-unused-vars

/home/runner/work/exp-curve-of-steel-iitk/exp-curve-of-steel-iitk/experiment/simulation/js/index.js
    2:7   warning  'schema' is assigned a value but never used               no-unused-vars
   55:5   warning  'sampleLength' is assigned a value but never used         no-unused-vars
   56:5   warning  'sampleDiameter' is assigned a value but never used       no-unused-vars
   57:5   warning  'sampleFinalLength' is assigned a value but never used    no-unused-vars
   58:5   warning  'sampleFinalDiameter' is assigned a value but never used  no-unused-vars
   63:10  warning  'handle' is defined but never used                        no-unused-vars
   70:9   warning  'vc' is not defined                                       no-undef
   70:13  warning  'vc' is not defined                                       no-undef
   71:9   warning  'sample1' is not defined                                  no-undef
   71:18  warning  'sample1' is not defined                                  no-undef
   75:10  warning  'handleStep1' is defined but never used                   no-unused-vars
  100:10  warning  'handleStep2' is defined but never used                   no-unused-vars
  124:7   warning  'vc' is not defined                                       no-undef
  124:11  warning  'vc' is not defined                                       no-undef
  125:7   warning  'utm' is not defined                                      no-undef
  125:12  warning  'utm' is not defined                                      no-undef
  126:7   warning  'sample1' is not defined                                  no-undef
  126:16  warning  'sample1' is not defined                                  no-undef
  129:10  warning  'handleStep3' is defined but never used                   no-unused-vars
  132:8   warning  'utm' is not defined                                      no-undef
  132:16  warning  'utm' is not defined                                      no-undef
  137:8   warning  'utm' is not defined                                      no-undef
  186:7   warning  'utm' is not defined                                      no-undef
  195:9   warning  'utm' is not defined                                      no-undef
  263:10  warning  'handleStep4' is defined but never used                   no-unused-vars
  275:7   warning  'vc' is not defined                                       no-undef
  275:11  warning  'vc' is not defined                                       no-undef
  276:7   warning  'utm' is not defined                                      no-undef
  276:12  warning  'utm' is not defined                                      no-undef
  277:7   warning  'sample1' is not defined                                  no-undef
  277:16  warning  'sample1' is not defined                                  no-undef
  303:10  warning  'handleStep5' is defined but never used                   no-unused-vars
  304:3   warning  'modal' is not defined                                    no-undef
  304:15  warning  'Modal' is not defined                                    no-undef
  384:3   warning  'modal' is not defined                                    no-undef
  467:38  warning  'Chart' is not defined                                    no-undef
  485:44  warning  'index' is defined but never used                         no-unused-vars
  485:51  warning  'values' is defined but never used                        no-unused-vars
  502:44  warning  'index' is defined but never used                         no-unused-vars
  502:51  warning  'values' is defined but never used                        no-unused-vars
  514:10  warning  'showGraph' is defined but never used                     no-unused-vars
  515:3   warning  'graphModal' is not defined                               no-undef
  515:20  warning  'Modal' is not defined                                    no-undef
  525:3   warning  'graphModal' is not defined                               no-undef

/home/runner/work/exp-curve-of-steel-iitk/exp-curve-of-steel-iitk/experiment/simulation/js/main.js
   22:9   warning  'UTM' is not defined               no-undef
   24:8   warning  'VernierCaliper' is not defined    no-undef
   26:13  warning  'Sample1' is not defined           no-undef
   59:10  warning  'i' is not defined                 no-undef
   59:18  warning  'i' is not defined                 no-undef
   59:36  warning  'i' is not defined                 no-undef
   60:12  warning  'j' is not defined                 no-undef
   60:20  warning  'j' is not defined                 no-undef
   60:39  warning  'j' is not defined                 no-undef
   61:22  warning  'i' is not defined                 no-undef
   61:25  warning  'j' is not defined                 no-undef
  131:24  warning  'event' is defined but never used  no-unused-vars
  170:5   warning  'img' is not defined               no-undef
  171:5   warning  'img' is not defined               no-undef
  172:5   warning  'img' is not defined               no-undef
  173:5   warning  'img' is not defined               no-undef
  174:33  warning  'img' is not defined               no-undef
  175:24  warning  'img' is not defined               no-undef
  189:40  warning  'e' is defined but never used      no-unused-vars

/home/runner/work/exp-curve-of-steel-iitk/exp-curve-of-steel-iitk/experiment/simulation/js/modal.js
    4:7   warning  'Modal' is defined but never used  no-unused-vars
  110:40  warning  'e' is defined but never used      no-unused-vars
  121:40  warning  'e' is defined but never used      no-unused-vars
  132:40  warning  'e' is defined but never used      no-unused-vars

/home/runner/work/exp-curve-of-steel-iitk/exp-curve-of-steel-iitk/experiment/simulation/js/popover.js
  39:7  warning  'Popover' is defined but never used  no-unused-vars

✖ 181 problems (0 errors, 181 warnings)

